app/build/intermediates/manifest_merge_blame_file/debug/processDebugMainManifest/manifest-merger-blame-debug-report.txt
1<?xml version="1.0" encoding="utf-8"?>
2<manifest xmlns:android="http://schemas.android.com/apk/res/android"
3    package="com.distractblock"
4    android:versionCode="1"
5    android:versionName="1.0" >
6
7    <uses-sdk
8        android:minSdkVersion="26"
9        android:targetSdkVersion="35" />
10
11    <uses-permission android:name="android.permission.QUERY_ALL_PACKAGES" />
11-->src\main\AndroidManifest.xml:4:5-77
11-->src\main\AndroidManifest.xml:4:22-74
12    <uses-permission android:name="android.permission.RECEIVE_BOOT_COMPLETED" />
12-->src\main\AndroidManifest.xml:5:5-81
12-->src\main\AndroidManifest.xml:5:22-78
13    <uses-permission android:name="android.permission.REQUEST_IGNORE_BATTERY_OPTIMIZATIONS" />
13-->src\main\AndroidManifest.xml:6:5-95
13-->src\main\AndroidManifest.xml:6:22-92
14    <uses-permission android:name="android.permission.SYSTEM_ALERT_WINDOW" />
14-->src\main\AndroidManifest.xml:7:5-78
14-->src\main\AndroidManifest.xml:7:22-75
15    <!-- UsageStats — user grants in Settings > Apps > Special access -->
16    <uses-permission android:name="android.permission.PACKAGE_USAGE_STATS" />
16-->src\main\AndroidManifest.xml:9:5-11:57
16-->src\main\AndroidManifest.xml:9:22-75
17
18    <permission
18-->[androidx.core:core:1.13.0] AndroidManifest.xml:22:5-24:47
19        android:name="com.distractblock.DYNAMIC_RECEIVER_NOT_EXPORTED_PERMISSION"
19-->[androidx.core:core:1.13.0] AndroidManifest.xml:23:9-81
20        android:protectionLevel="signature" />
20-->[androidx.core:core:1.13.0] AndroidManifest.xml:24:9-44
21
22    <uses-permission android:name="com.distractblock.DYNAMIC_RECEIVER_NOT_EXPORTED_PERMISSION" />
22-->[androidx.core:core:1.13.0] AndroidManifest.xml:26:5-97
22-->[androidx.core:core:1.13.0] AndroidManifest.xml:26:22-94
23
24    <application
24-->src\main\AndroidManifest.xml:13:5-67:19
25        android:allowBackup="true"
25-->src\main\AndroidManifest.xml:14:9-35
26        android:appComponentFactory="androidx.core.app.CoreComponentFactory"
26-->[androidx.core:core:1.13.0] AndroidManifest.xml:28:18-86
27        android:debuggable="true"
28        android:extractNativeLibs="false"
29        android:icon="@mipmap/ic_launcher"
29-->src\main\AndroidManifest.xml:15:9-43
30        android:label="@string/app_name"
30-->src\main\AndroidManifest.xml:16:9-41
31        android:roundIcon="@mipmap/ic_launcher_round"
31-->src\main\AndroidManifest.xml:17:9-54
32        android:supportsRtl="true"
32-->src\main\AndroidManifest.xml:18:9-35
33        android:testOnly="true"
34        android:theme="@style/Theme.DistractBlock" >
34-->src\main\AndroidManifest.xml:19:9-51
35        <activity
35-->src\main\AndroidManifest.xml:21:9-28:20
36            android:name="com.distractblock.ui.MainActivity"
36-->src\main\AndroidManifest.xml:22:13-44
37            android:exported="true" >
37-->src\main\AndroidManifest.xml:23:13-36
38            <intent-filter>
38-->src\main\AndroidManifest.xml:24:13-27:29
39                <action android:name="android.intent.action.MAIN" />
39-->src\main\AndroidManifest.xml:25:17-69
39-->src\main\AndroidManifest.xml:25:25-66
40
41                <category android:name="android.intent.category.LAUNCHER" />
41-->src\main\AndroidManifest.xml:26:17-77
41-->src\main\AndroidManifest.xml:26:27-74
42            </intent-filter>
43        </activity>
44        <activity
44-->src\main\AndroidManifest.xml:30:9-38:43
45            android:name="com.distractblock.ui.SplashBlockActivity"
45-->src\main\AndroidManifest.xml:31:13-51
46            android:excludeFromRecents="true"
46-->src\main\AndroidManifest.xml:34:13-46
47            android:exported="false"
47-->src\main\AndroidManifest.xml:32:13-37
48            android:launchMode="singleInstance"
48-->src\main\AndroidManifest.xml:33:13-48
49            android:showOnLockScreen="true"
49-->src\main\AndroidManifest.xml:37:13-44
50            android:taskAffinity="com.distractblock.splash"
50-->src\main\AndroidManifest.xml:35:13-60
51            android:theme="@style/Theme.DistractBlock.Splash"
51-->src\main\AndroidManifest.xml:36:13-62
52            android:turnScreenOn="true" />
52-->src\main\AndroidManifest.xml:38:13-40
53        <activity
53-->src\main\AndroidManifest.xml:40:9-44:57
54            android:name="com.distractblock.ui.SettingsActivity"
54-->src\main\AndroidManifest.xml:41:13-48
55            android:exported="false"
55-->src\main\AndroidManifest.xml:42:13-37
56            android:label="Settings"
56-->src\main\AndroidManifest.xml:43:13-37
57            android:theme="@style/Theme.DistractBlock" />
57-->src\main\AndroidManifest.xml:44:13-55
58
59        <service
59-->src\main\AndroidManifest.xml:46:9-57:19
60            android:name="com.distractblock.service.BlockerAccessibilityService"
60-->src\main\AndroidManifest.xml:47:13-64
61            android:exported="true"
61-->src\main\AndroidManifest.xml:48:13-36
62            android:label="@string/accessibility_service_label"
62-->src\main\AndroidManifest.xml:49:13-64
63            android:permission="android.permission.BIND_ACCESSIBILITY_SERVICE" >
63-->src\main\AndroidManifest.xml:50:13-79
64            <intent-filter>
64-->src\main\AndroidManifest.xml:51:13-53:29
65                <action android:name="android.accessibilityservice.AccessibilityService" />
65-->src\main\AndroidManifest.xml:52:17-92
65-->src\main\AndroidManifest.xml:52:25-89
66            </intent-filter>
67
68            <meta-data
68-->src\main\AndroidManifest.xml:54:13-56:72
69                android:name="android.accessibilityservice"
69-->src\main\AndroidManifest.xml:55:17-60
70                android:resource="@xml/accessibility_service_config" />
70-->src\main\AndroidManifest.xml:56:17-69
71        </service>
72
73        <receiver
73-->src\main\AndroidManifest.xml:59:9-65:20
74            android:name="com.distractblock.receiver.BootReceiver"
74-->src\main\AndroidManifest.xml:60:13-50
75            android:exported="true" >
75-->src\main\AndroidManifest.xml:61:13-36
76            <intent-filter>
76-->src\main\AndroidManifest.xml:62:13-64:29
77                <action android:name="android.intent.action.BOOT_COMPLETED" />
77-->src\main\AndroidManifest.xml:63:17-79
77-->src\main\AndroidManifest.xml:63:25-76
78            </intent-filter>
79        </receiver>
80
81        <provider
81-->[androidx.emoji2:emoji2:1.2.0] AndroidManifest.xml:24:9-32:20
82            android:name="androidx.startup.InitializationProvider"
82-->[androidx.emoji2:emoji2:1.2.0] AndroidManifest.xml:25:13-67
83            android:authorities="com.distractblock.androidx-startup"
83-->[androidx.emoji2:emoji2:1.2.0] AndroidManifest.xml:26:13-68
84            android:exported="false" >
84-->[androidx.emoji2:emoji2:1.2.0] AndroidManifest.xml:27:13-37
85            <meta-data
85-->[androidx.emoji2:emoji2:1.2.0] AndroidManifest.xml:29:13-31:52
86                android:name="androidx.emoji2.text.EmojiCompatInitializer"
86-->[androidx.emoji2:emoji2:1.2.0] AndroidManifest.xml:30:17-75
87                android:value="androidx.startup" />
87-->[androidx.emoji2:emoji2:1.2.0] AndroidManifest.xml:31:17-49
88            <meta-data
88-->[androidx.lifecycle:lifecycle-process:2.7.0] AndroidManifest.xml:29:13-31:52
89                android:name="androidx.lifecycle.ProcessLifecycleInitializer"
89-->[androidx.lifecycle:lifecycle-process:2.7.0] AndroidManifest.xml:30:17-78
90                android:value="androidx.startup" />
90-->[androidx.lifecycle:lifecycle-process:2.7.0] AndroidManifest.xml:31:17-49
91            <meta-data
91-->[androidx.profileinstaller:profileinstaller:1.3.0] AndroidManifest.xml:29:13-31:52
92                android:name="androidx.profileinstaller.ProfileInstallerInitializer"
92-->[androidx.profileinstaller:profileinstaller:1.3.0] AndroidManifest.xml:30:17-85
93                android:value="androidx.startup" />
93-->[androidx.profileinstaller:profileinstaller:1.3.0] AndroidManifest.xml:31:17-49
94        </provider>
95
96        <service
96-->[androidx.room:room-runtime-android:2.7.1] AndroidManifest.xml:24:9-28:63
97            android:name="androidx.room.MultiInstanceInvalidationService"
97-->[androidx.room:room-runtime-android:2.7.1] AndroidManifest.xml:25:13-74
98            android:directBootAware="true"
98-->[androidx.room:room-runtime-android:2.7.1] AndroidManifest.xml:26:13-43
99            android:exported="false" />
99-->[androidx.room:room-runtime-android:2.7.1] AndroidManifest.xml:27:13-37
100
101        <receiver
101-->[androidx.profileinstaller:profileinstaller:1.3.0] AndroidManifest.xml:34:9-52:20
102            android:name="androidx.profileinstaller.ProfileInstallReceiver"
102-->[androidx.profileinstaller:profileinstaller:1.3.0] AndroidManifest.xml:35:13-76
103            android:directBootAware="false"
103-->[androidx.profileinstaller:profileinstaller:1.3.0] AndroidManifest.xml:36:13-44
104            android:enabled="true"
104-->[androidx.profileinstaller:profileinstaller:1.3.0] AndroidManifest.xml:37:13-35
105            android:exported="true"
105-->[androidx.profileinstaller:profileinstaller:1.3.0] AndroidManifest.xml:38:13-36
106            android:permission="android.permission.DUMP" >
106-->[androidx.profileinstaller:profileinstaller:1.3.0] AndroidManifest.xml:39:13-57
107            <intent-filter>
107-->[androidx.profileinstaller:profileinstaller:1.3.0] AndroidManifest.xml:40:13-42:29
108                <action android:name="androidx.profileinstaller.action.INSTALL_PROFILE" />
108-->[androidx.profileinstaller:profileinstaller:1.3.0] AndroidManifest.xml:41:17-91
108-->[androidx.profileinstaller:profileinstaller:1.3.0] AndroidManifest.xml:41:25-88
109            </intent-filter>
110            <intent-filter>
110-->[androidx.profileinstaller:profileinstaller:1.3.0] AndroidManifest.xml:43:13-45:29
111                <action android:name="androidx.profileinstaller.action.SKIP_FILE" />
111-->[androidx.profileinstaller:profileinstaller:1.3.0] AndroidManifest.xml:44:17-85
111-->[androidx.profileinstaller:profileinstaller:1.3.0] AndroidManifest.xml:44:25-82
112            </intent-filter>
113            <intent-filter>
113-->[androidx.profileinstaller:profileinstaller:1.3.0] AndroidManifest.xml:46:13-48:29
114                <action android:name="androidx.profileinstaller.action.SAVE_PROFILE" />
114-->[androidx.profileinstaller:profileinstaller:1.3.0] AndroidManifest.xml:47:17-88
114-->[androidx.profileinstaller:profileinstaller:1.3.0] AndroidManifest.xml:47:25-85
115            </intent-filter>
116            <intent-filter>
116-->[androidx.profileinstaller:profileinstaller:1.3.0] AndroidManifest.xml:49:13-51:29
117                <action android:name="androidx.profileinstaller.action.BENCHMARK_OPERATION" />
117-->[androidx.profileinstaller:profileinstaller:1.3.0] AndroidManifest.xml:50:17-95
117-->[androidx.profileinstaller:profileinstaller:1.3.0] AndroidManifest.xml:50:25-92
118            </intent-filter>
119        </receiver>
120    </application>
121
122</manifest>